# JRE version: Java(TM) SE Runtime Environment (8.0_241-b07) (build 1.8.0_241-b07)
# Java VM: Java HotSpot(TM) 64-Bit Server VM (25.241-b07 mixed mode windows-amd64 compressed oops)
Heap:
 PSYoungGen      total 71680K, used 9085K [0x00000000d5f00000, 0x00000000daa00000, 0x0000000100000000)
  eden space 66560K, 5% used [0x00000000d5f00000,0x00000000d62e2768,0x00000000da000000)
  from space 5120K, 99% used [0x00000000da500000,0x00000000da9fcc98,0x00000000daa00000)
  to   space 5120K, 0% used [0x00000000da000000,0x00000000da000000,0x00000000da500000)
 ParOldGen       total 55296K, used 13259K [0x0000000081c00000, 0x0000000085200000, 0x00000000d5f00000)
  object space 55296K, 23% used [0x0000000081c00000,0x00000000828f2d98,0x0000000085200000)
 Metaspace       used 30872K, capacity 31668K, committed 32128K, reserved 1077248K
  class space    used 4188K, capacity 4382K, committed 4480K, reserved 1048576K
GC Heap History (10 events):
Event: 0.621 GC heap before
{Heap before GC invocations=3 (full 0):
 PSYoungGen      total 38400K, used 35142K [0x00000000d5f00000, 0x00000000daa00000, 0x0000000100000000)
  eden space 33280K, 100% used [0x00000000d5f00000,0x00000000d7f80000,0x00000000d7f80000)
  from space 5120K, 36% used [0x00000000d8480000,0x00000000d8651898,0x00000000d8980000)
  to   space 5120K, 0% used [0x00000000d7f80000,0x00000000d7f80000,0x00000000d8480000)
 ParOldGen       total 87552K, used 24K [0x0000000081c00000, 0x0000000087180000, 0x00000000d5f00000)
  object space 87552K, 0% used [0x0000000081c00000,0x0000000081c06000,0x0000000087180000)
 Metaspace       used 9045K, capacity 9344K, committed 9472K, reserved 1056768K
  class space    used 1104K, capacity 1224K, committed 1280K, reserved 1048576K
Event: 0.623 GC heap after
Heap after GC invocations=3 (full 0):
 PSYoungGen      total 38400K, used 2038K [0x00000000d5f00000, 0x00000000daa00000, 0x0000000100000000)
  eden space 33280K, 0% used [0x00000000d5f00000,0x00000000d5f00000,0x00000000d7f80000)
  from space 5120K, 39% used [0x00000000d7f80000,0x00000000d817d848,0x00000000d8480000)
  to   space 5120K, 0% used [0x00000000da500000,0x00000000da500000,0x00000000daa00000)
 ParOldGen       total 87552K, used 32K [0x0000000081c00000, 0x0000000087180000, 0x00000000d5f00000)
  object space 87552K, 0% used [0x0000000081c00000,0x0000000081c08000,0x0000000087180000)
 Metaspace       used 9045K, capacity 9344K, committed 9472K, reserved 1056768K
  class space    used 1104K, capacity 1224K, committed 1280K, reserved 1048576K
}
Event: 1.004 GC heap before
{Heap before GC invocations=4 (full 0):
 PSYoungGen      total 38400K, used 35318K [0x00000000d5f00000, 0x00000000daa00000, 0x0000000100000000)
  eden space 33280K, 100% used [0x00000000d5f00000,0x00000000d7f80000,0x00000000d7f80000)
  from space 5120K, 39% used [0x00000000d7f80000,0x00000000d817d848,0x00000000d8480000)
  to   space 5120K, 0% used [0x00000000da500000,0x00000000da500000,0x00000000daa00000)
 ParOldGen       total 87552K, used 32K [0x0000000081c00000, 0x0000000087180000, 0x00000000d5f00000)
  object space 87552K, 0% used [0x0000000081c00000,0x0000000081c08000,0x0000000087180000)
 Metaspace       used 15128K, capacity 15590K, committed 15872K, reserved 1062912K
  class space    used 1859K, capacity 1983K, committed 2048K, reserved 1048576K
Event: 1.010 GC heap after
Heap after GC invocations=4 (full 0):
 PSYoungGen      total 71680K, used 5097K [0x00000000d5f00000, 0x00000000daa00000, 0x0000000100000000)
  eden space 66560K, 0% used [0x00000000d5f00000,0x00000000d5f00000,0x00000000da000000)
  from space 5120K, 99% used [0x00000000da500000,0x00000000da9fa6d0,0x00000000daa00000)
  to   space 5120K, 0% used [0x00000000da000000,0x00000000da000000,0x00000000da500000)
 ParOldGen       total 87552K, used 1656K [0x0000000081c00000, 0x0000000087180000, 0x00000000d5f00000)
  object space 87552K, 1% used [0x0000000081c00000,0x0000000081d9e1f8,0x0000000087180000)
 Metaspace       used 15128K, capacity 15590K, committed 15872K, reserved 1062912K
  class space    used 1859K, capacity 1983K, committed 2048K, reserved 1048576K
}
Event: 1.471 GC heap before
{Heap before GC invocations=5 (full 0):
 PSYoungGen      total 71680K, used 45968K [0x00000000d5f00000, 0x00000000daa00000, 0x0000000100000000)
  eden space 66560K, 61% used [0x00000000d5f00000,0x00000000d86e9ce0,0x00000000da000000)
  from space 5120K, 99% used [0x00000000da500000,0x00000000da9fa6d0,0x00000000daa00000)
  to   space 5120K, 0% used [0x00000000da000000,0x00000000da000000,0x00000000da500000)
 ParOldGen       total 87552K, used 1656K [0x0000000081c00000, 0x0000000087180000, 0x00000000d5f00000)
  object space 87552K, 1% used [0x0000000081c00000,0x0000000081d9e1f8,0x0000000087180000)
 Metaspace       used 20648K, capacity 21086K, committed 21296K, reserved 1067008K
  class space    used 2823K, capacity 2935K, committed 2944K, reserved 1048576K
Event: 1.478 GC heap after
Heap after GC invocations=5 (full 0):
 PSYoungGen      total 71680K, used 5107K [0x00000000d5f00000, 0x00000000daa00000, 0x0000000100000000)
  eden space 66560K, 0% used [0x00000000d5f00000,0x00000000d5f00000,0x00000000da000000)
  from space 5120K, 99% used [0x00000000da000000,0x00000000da4fcf50,0x00000000da500000)
  to   space 5120K, 0% used [0x00000000da500000,0x00000000da500000,0x00000000daa00000)
 ParOldGen       total 87552K, used 4842K [0x0000000081c00000, 0x0000000087180000, 0x00000000d5f00000)
  object space 87552K, 5% used [0x0000000081c00000,0x00000000820bab08,0x0000000087180000)
 Metaspace       used 20648K, capacity 21086K, committed 21296K, reserved 1067008K
  class space    used 2823K, capacity 2935K, committed 2944K, reserved 1048576K
}
Event: 1.478 GC heap before
{Heap before GC invocations=6 (full 1):
 PSYoungGen      total 71680K, used 5107K [0x00000000d5f00000, 0x00000000daa00000, 0x0000000100000000)
  eden space 66560K, 0% used [0x00000000d5f00000,0x00000000d5f00000,0x00000000da000000)
  from space 5120K, 99% used [0x00000000da000000,0x00000000da4fcf50,0x00000000da500000)
  to   space 5120K, 0% used [0x00000000da500000,0x00000000da500000,0x00000000daa00000)
 ParOldGen       total 87552K, used 4842K [0x0000000081c00000, 0x0000000087180000, 0x00000000d5f00000)
  object space 87552K, 5% used [0x0000000081c00000,0x00000000820bab08,0x0000000087180000)
 Metaspace       used 20648K, capacity 21086K, committed 21296K, reserved 1067008K
  class space    used 2823K, capacity 2935K, committed 2944K, reserved 1048576K
Event: 1.508 GC heap after
Heap after GC invocations=6 (full 1):
 PSYoungGen      total 71680K, used 0K [0x00000000d5f00000, 0x00000000daa00000, 0x0000000100000000)
  eden space 66560K, 0% used [0x00000000d5f00000,0x00000000d5f00000,0x00000000da000000)
  from space 5120K, 0% used [0x00000000da000000,0x00000000da000000,0x00000000da500000)
  to   space 5120K, 0% used [0x00000000da500000,0x00000000da500000,0x00000000daa00000)
 ParOldGen       total 55296K, used 7941K [0x0000000081c00000, 0x0000000085200000, 0x00000000d5f00000)
  object space 55296K, 14% used [0x0000000081c00000,0x00000000823c1558,0x0000000085200000)
 Metaspace       used 20648K, capacity 21086K, committed 21296K, reserved 1067008K
  class space    used 2823K, capacity 2935K, committed 2944K, reserved 1048576K
}
Event: 2.449 GC heap before
{Heap before GC invocations=7 (full 1):
 PSYoungGen      total 71680K, used 66560K [0x00000000d5f00000, 0x00000000daa00000, 0x0000000100000000)
  eden space 66560K, 100% used [0x00000000d5f00000,0x00000000da000000,0x00000000da000000)
  from space 5120K, 0% used [0x00000000da000000,0x00000000da000000,0x00000000da500000)
  to   space 5120K, 0% used [0x00000000da500000,0x00000000da500000,0x00000000daa00000)
 ParOldGen       total 55296K, used 7941K [0x0000000081c00000, 0x0000000085200000, 0x00000000d5f00000)
  object space 55296K, 14% used [0x0000000081c00000,0x00000000823c1558,0x0000000085200000)
 Metaspace       used 30558K, capacity 31288K, committed 31744K, reserved 1077248K
  class space    used 4135K, capacity 4344K, committed 4352K, reserved 1048576K
Event: 2.458 GC heap after
Heap after GC invocations=7 (full 1):
 PSYoungGen      total 71680K, used 5107K [0x00000000d5f00000, 0x00000000daa00000, 0x0000000100000000)
  eden space 66560K, 0% used [0x00000000d5f00000,0x00000000d5f00000,0x00000000da000000)
  from space 5120K, 99% used [0x00000000da500000,0x00000000da9fcc98,0x00000000daa00000)
  to   space 5120K, 0% used [0x00000000da000000,0x00000000da000000,0x00000000da500000)
 ParOldGen       total 55296K, used 13259K [0x0000000081c00000, 0x0000000085200000, 0x00000000d5f00000)
  object space 55296K, 23% used [0x0000000081c00000,0x00000000828f2d98,0x0000000085200000)
 Metaspace       used 30558K, capacity 31288K, committed 31744K, reserved 1077248K
  class space    used 4135K, capacity 4344K, committed 4352K, reserved 1048576K
}

